
@----------------------------------------------------------@
|        PLINK!       |     v1.08p     |   14/Aug/2009     |
|----------------------------------------------------------|
|  (C) 2009 Shaun Purcell, GNU General Public License, v2  |
|----------------------------------------------------------|
|  For documentation, citation & bug-report instructions:  |
|        http://pngu.mgh.harvard.edu/purcell/plink/        |
@----------------------------------------------------------@

Web-check not implemented on this system...
Writing this text to log file [ example.log ]
Analysis started: Mon Oct 19 14:46:41 2015

Options in effect:
	--bfile hapmap3.chr22
	--extract LD3.prune.in
	--make-bed
	--out example

Reading map (extended format) from [ hapmap3.chr22.bim ] 
2774 markers to be included from [ hapmap3.chr22.bim ]
Reading pedigree information from [ hapmap3.chr22.fam ] 
112 individuals read from [ hapmap3.chr22.fam ] 
0 individuals with nonmissing phenotypes
Assuming a disease phenotype (1=unaff, 2=aff, 0=miss)
Missing phenotype value is also -9
0 cases, 0 controls and 112 missing
57 males, 55 females, and 0 of unspecified sex
Reading genotype bitfile from [ hapmap3.chr22.bed ] 
Detected that binary PED file is v1.00 SNP-major mode
Reading list of SNPs to extract [ LD3.prune.in ] ... 1155 read
Before frequency and genotyping pruning, there are 1155 SNPs
112 founders and 0 non-founders found
Total genotyping rate in remaining individuals is 0.995184
0 SNPs failed missingness test ( GENO > 1 )
0 SNPs failed frequency test ( MAF < 0 )
After frequency and genotyping pruning, there are 1155 SNPs
After filtering, 0 cases, 0 controls and 112 missing
After filtering, 57 males, 55 females, and 0 of unspecified sex
Writing pedigree information to [ example.fam ] 
Writing map (extended format) information to [ example.bim ] 
Writing genotype bitfile to [ example.bed ] 
Using (default) SNP-major mode

Analysis finished: Mon Oct 19 14:46:41 2015

